running egg_info
writing build/webots_apriltags/webots_apriltags.egg-info/PKG-INFO
writing dependency_links to build/webots_apriltags/webots_apriltags.egg-info/dependency_links.txt
writing entry points to build/webots_apriltags/webots_apriltags.egg-info/entry_points.txt
writing requirements to build/webots_apriltags/webots_apriltags.egg-info/requires.txt
writing top-level names to build/webots_apriltags/webots_apriltags.egg-info/top_level.txt
reading manifest file 'build/webots_apriltags/webots_apriltags.egg-info/SOURCES.txt'
writing manifest file 'build/webots_apriltags/webots_apriltags.egg-info/SOURCES.txt'
running build
running build_py
creating /home/thor10001/aprilproject/f24_robotics/webots_apriltags/src/webots_apriltags/build/webots_apriltags/build
creating /home/thor10001/aprilproject/f24_robotics/webots_apriltags/src/webots_apriltags/build/webots_apriltags/build/lib
creating /home/thor10001/aprilproject/f24_robotics/webots_apriltags/src/webots_apriltags/build/webots_apriltags/build/lib/webots_apriltags
copying webots_apriltags/__init__.py -> /home/thor10001/aprilproject/f24_robotics/webots_apriltags/src/webots_apriltags/build/webots_apriltags/build/lib/webots_apriltags
copying webots_apriltags/webots_ros2_homework1_python.py -> /home/thor10001/aprilproject/f24_robotics/webots_apriltags/src/webots_apriltags/build/webots_apriltags/build/lib/webots_apriltags
running install
running install_lib
creating /home/thor10001/aprilproject/f24_robotics/webots_apriltags/src/webots_apriltags/install/webots_apriltags/lib/python3.10/site-packages/webots_apriltags
copying /home/thor10001/aprilproject/f24_robotics/webots_apriltags/src/webots_apriltags/build/webots_apriltags/build/lib/webots_apriltags/__init__.py -> /home/thor10001/aprilproject/f24_robotics/webots_apriltags/src/webots_apriltags/install/webots_apriltags/lib/python3.10/site-packages/webots_apriltags
copying /home/thor10001/aprilproject/f24_robotics/webots_apriltags/src/webots_apriltags/build/webots_apriltags/build/lib/webots_apriltags/webots_ros2_homework1_python.py -> /home/thor10001/aprilproject/f24_robotics/webots_apriltags/src/webots_apriltags/install/webots_apriltags/lib/python3.10/site-packages/webots_apriltags
byte-compiling /home/thor10001/aprilproject/f24_robotics/webots_apriltags/src/webots_apriltags/install/webots_apriltags/lib/python3.10/site-packages/webots_apriltags/__init__.py to __init__.cpython-310.pyc
byte-compiling /home/thor10001/aprilproject/f24_robotics/webots_apriltags/src/webots_apriltags/install/webots_apriltags/lib/python3.10/site-packages/webots_apriltags/webots_ros2_homework1_python.py to webots_ros2_homework1_python.cpython-310.pyc
running install_data
running install_egg_info
removing '/home/thor10001/aprilproject/f24_robotics/webots_apriltags/src/webots_apriltags/install/webots_apriltags/lib/python3.10/site-packages/webots_apriltags-0.0.0-py3.10.egg-info' (and everything under it)
Copying build/webots_apriltags/webots_apriltags.egg-info to /home/thor10001/aprilproject/f24_robotics/webots_apriltags/src/webots_apriltags/install/webots_apriltags/lib/python3.10/site-packages/webots_apriltags-0.0.0-py3.10.egg-info
running install_scripts
Installing webots_ros2_homework1_python script to /home/thor10001/aprilproject/f24_robotics/webots_apriltags/src/webots_apriltags/install/webots_apriltags/lib/webots_apriltags
writing list of installed files to '/home/thor10001/aprilproject/f24_robotics/webots_apriltags/src/webots_apriltags/build/webots_apriltags/install.log'
