[0.182s] DEBUG:colcon:Command line arguments: ['/usr/bin/colcon', 'build']
[0.182s] DEBUG:colcon:Parsed command line arguments: Namespace(log_base=None, log_level=None, verb_name='build', build_base='build', install_base='install', merge_install=False, symlink_install=False, test_result_base=None, continue_on_error=False, executor='parallel', parallel_workers=24, event_handlers=None, ignore_user_meta=False, metas=['./colcon.meta'], base_paths=['.'], packages_ignore=None, packages_ignore_regex=None, paths=None, packages_up_to=None, packages_up_to_regex=None, packages_above=None, packages_above_and_dependencies=None, packages_above_depth=None, packages_select_by_dep=None, packages_skip_by_dep=None, packages_skip_up_to=None, packages_select_build_failed=False, packages_skip_build_finished=False, packages_select_test_failures=False, packages_skip_test_passed=False, packages_select=None, packages_skip=None, packages_select_regex=None, packages_skip_regex=None, packages_start=None, packages_end=None, allow_overriding=[], cmake_args=None, cmake_target=None, cmake_target_skip_unavailable=False, cmake_clean_cache=False, cmake_clean_first=False, cmake_force_configure=False, ament_cmake_args=None, catkin_cmake_args=None, catkin_skip_building_tests=False, mixin_files=None, mixin=None, verb_parser=<colcon_mixin.mixin.mixin_argument.MixinArgumentDecorator object at 0x7f13e7995e10>, verb_extension=<colcon_core.verb.build.BuildVerb object at 0x7f13e7b0b580>, main=<bound method BuildVerb.main of <colcon_core.verb.build.BuildVerb object at 0x7f13e7b0b580>>, mixin_verb=('build',))
[0.292s] Level 1:colcon.colcon_core.package_discovery:discover_packages(colcon_meta) check parameters
[0.293s] Level 1:colcon.colcon_core.package_discovery:discover_packages(recursive) check parameters
[0.293s] Level 1:colcon.colcon_core.package_discovery:discover_packages(ignore) check parameters
[0.293s] Level 1:colcon.colcon_core.package_discovery:discover_packages(path) check parameters
[0.293s] Level 1:colcon.colcon_core.package_discovery:discover_packages(colcon_meta) discover
[0.293s] Level 1:colcon.colcon_core.package_discovery:discover_packages(recursive) discover
[0.293s] INFO:colcon.colcon_core.package_discovery:Crawling recursively for packages in '/home/thor10001/aprilproject/f24_robotics/webots_apriltags/src/webots_apriltags'
[0.293s] Level 1:colcon.colcon_core.package_identification:_identify(.) by extensions ['ignore', 'ignore_ament_install']
[0.293s] Level 1:colcon.colcon_core.package_identification:_identify(.) by extension 'ignore'
[0.293s] Level 1:colcon.colcon_core.package_identification:_identify(.) by extension 'ignore_ament_install'
[0.293s] Level 1:colcon.colcon_core.package_identification:_identify(.) by extensions ['colcon_pkg']
[0.293s] Level 1:colcon.colcon_core.package_identification:_identify(.) by extension 'colcon_pkg'
[0.293s] Level 1:colcon.colcon_core.package_identification:_identify(.) by extensions ['colcon_meta']
[0.293s] Level 1:colcon.colcon_core.package_identification:_identify(.) by extension 'colcon_meta'
[0.293s] Level 1:colcon.colcon_core.package_identification:_identify(.) by extensions ['ros']
[0.293s] Level 1:colcon.colcon_core.package_identification:_identify(.) by extension 'ros'
[0.303s] DEBUG:colcon.colcon_core.package_identification:Package '.' with type 'ros.ament_python' and name 'webots_apriltags'
[0.303s] Level 1:colcon.colcon_core.package_discovery:discover_packages(recursive) using defaults
[0.303s] Level 1:colcon.colcon_core.package_discovery:discover_packages(ignore) discover
[0.303s] Level 1:colcon.colcon_core.package_discovery:discover_packages(ignore) using defaults
[0.303s] Level 1:colcon.colcon_core.package_discovery:discover_packages(path) discover
[0.303s] Level 1:colcon.colcon_core.package_discovery:discover_packages(path) using defaults
[0.318s] Level 1:colcon.colcon_core.package_discovery:discover_packages(prefix_path) check parameters
[0.318s] Level 1:colcon.colcon_core.package_discovery:discover_packages(prefix_path) discover
[0.319s] DEBUG:colcon.colcon_installed_package_information.package_discovery:Found 1 installed packages in /home/thor10001/aprilproject/f24_robotics/webots_apriltags/src/webots_apriltags/install
[0.320s] DEBUG:colcon.colcon_installed_package_information.package_discovery:Found 307 installed packages in /opt/ros/humble
[0.342s] Level 1:colcon.colcon_core.package_discovery:discover_packages(prefix_path) using defaults
[0.375s] Level 5:colcon.colcon_core.verb:set package 'webots_apriltags' build argument 'cmake_args' from command line to 'None'
[0.375s] Level 5:colcon.colcon_core.verb:set package 'webots_apriltags' build argument 'cmake_target' from command line to 'None'
[0.375s] Level 5:colcon.colcon_core.verb:set package 'webots_apriltags' build argument 'cmake_target_skip_unavailable' from command line to 'False'
[0.375s] Level 5:colcon.colcon_core.verb:set package 'webots_apriltags' build argument 'cmake_clean_cache' from command line to 'False'
[0.375s] Level 5:colcon.colcon_core.verb:set package 'webots_apriltags' build argument 'cmake_clean_first' from command line to 'False'
[0.375s] Level 5:colcon.colcon_core.verb:set package 'webots_apriltags' build argument 'cmake_force_configure' from command line to 'False'
[0.375s] Level 5:colcon.colcon_core.verb:set package 'webots_apriltags' build argument 'ament_cmake_args' from command line to 'None'
[0.375s] Level 5:colcon.colcon_core.verb:set package 'webots_apriltags' build argument 'catkin_cmake_args' from command line to 'None'
[0.375s] Level 5:colcon.colcon_core.verb:set package 'webots_apriltags' build argument 'catkin_skip_building_tests' from command line to 'False'
[0.375s] DEBUG:colcon.colcon_core.verb:Building package 'webots_apriltags' with the following arguments: {'ament_cmake_args': None, 'build_base': '/home/thor10001/aprilproject/f24_robotics/webots_apriltags/src/webots_apriltags/build/webots_apriltags', 'catkin_cmake_args': None, 'catkin_skip_building_tests': False, 'cmake_args': None, 'cmake_clean_cache': False, 'cmake_clean_first': False, 'cmake_force_configure': False, 'cmake_target': None, 'cmake_target_skip_unavailable': False, 'install_base': '/home/thor10001/aprilproject/f24_robotics/webots_apriltags/src/webots_apriltags/install/webots_apriltags', 'merge_install': False, 'path': '/home/thor10001/aprilproject/f24_robotics/webots_apriltags/src/webots_apriltags', 'symlink_install': False, 'test_result_base': None}
[0.375s] INFO:colcon.colcon_core.executor:Executing jobs using 'parallel' executor
[0.376s] DEBUG:colcon.colcon_parallel_executor.executor.parallel:run_until_complete
[0.377s] INFO:colcon.colcon_ros.task.ament_python.build:Building ROS package in '/home/thor10001/aprilproject/f24_robotics/webots_apriltags/src/webots_apriltags' with build type 'ament_python'
[0.377s] Level 1:colcon.colcon_core.shell:create_environment_hook('webots_apriltags', 'ament_prefix_path')
[0.379s] INFO:colcon.colcon_core.plugin_system:Skipping extension 'colcon_core.shell.bat': Not used on non-Windows systems
[0.379s] INFO:colcon.colcon_core.shell:Creating environment hook '/home/thor10001/aprilproject/f24_robotics/webots_apriltags/src/webots_apriltags/install/webots_apriltags/share/webots_apriltags/hook/ament_prefix_path.ps1'
[0.380s] INFO:colcon.colcon_core.shell:Creating environment descriptor '/home/thor10001/aprilproject/f24_robotics/webots_apriltags/src/webots_apriltags/install/webots_apriltags/share/webots_apriltags/hook/ament_prefix_path.dsv'
[0.381s] INFO:colcon.colcon_core.shell:Creating environment hook '/home/thor10001/aprilproject/f24_robotics/webots_apriltags/src/webots_apriltags/install/webots_apriltags/share/webots_apriltags/hook/ament_prefix_path.sh'
[0.381s] INFO:colcon.colcon_core.shell:Skip shell extension 'powershell' for command environment: Not usable outside of PowerShell
[0.381s] DEBUG:colcon.colcon_core.shell:Skip shell extension 'dsv' for command environment
[0.611s] INFO:colcon.colcon_core.task.python.build:Building Python package in '/home/thor10001/aprilproject/f24_robotics/webots_apriltags/src/webots_apriltags'
[0.611s] INFO:colcon.colcon_core.shell:Skip shell extension 'powershell' for command environment: Not usable outside of PowerShell
[0.611s] DEBUG:colcon.colcon_core.shell:Skip shell extension 'dsv' for command environment
[0.915s] DEBUG:colcon.colcon_core.event_handler.log_command:Invoking command in '/home/thor10001/aprilproject/f24_robotics/webots_apriltags/src/webots_apriltags': PYTHONPATH=/home/thor10001/aprilproject/f24_robotics/webots_apriltags/src/webots_apriltags/build/webots_apriltags/prefix_override:/usr/lib/python3/dist-packages/colcon_core/task/python/colcon_distutils_commands:/home/thor10001/aprilproject/f24_robotics/webots_apriltags/src/webots_apriltags/install/webots_apriltags/lib/python3.10/site-packages:${PYTHONPATH} /usr/bin/python3 -W ignore:setup.py install is deprecated setup.py egg_info --egg-base build/webots_apriltags build --build-base /home/thor10001/aprilproject/f24_robotics/webots_apriltags/src/webots_apriltags/build/webots_apriltags/build install --record /home/thor10001/aprilproject/f24_robotics/webots_apriltags/src/webots_apriltags/build/webots_apriltags/install.log --single-version-externally-managed install_data
[1.135s] DEBUG:colcon.colcon_core.event_handler.log_command:Invoked command in '/home/thor10001/aprilproject/f24_robotics/webots_apriltags/src/webots_apriltags' returned '0': PYTHONPATH=/home/thor10001/aprilproject/f24_robotics/webots_apriltags/src/webots_apriltags/build/webots_apriltags/prefix_override:/usr/lib/python3/dist-packages/colcon_core/task/python/colcon_distutils_commands:/home/thor10001/aprilproject/f24_robotics/webots_apriltags/src/webots_apriltags/install/webots_apriltags/lib/python3.10/site-packages:${PYTHONPATH} /usr/bin/python3 -W ignore:setup.py install is deprecated setup.py egg_info --egg-base build/webots_apriltags build --build-base /home/thor10001/aprilproject/f24_robotics/webots_apriltags/src/webots_apriltags/build/webots_apriltags/build install --record /home/thor10001/aprilproject/f24_robotics/webots_apriltags/src/webots_apriltags/build/webots_apriltags/install.log --single-version-externally-managed install_data
[1.137s] Level 1:colcon.colcon_core.environment:checking '/home/thor10001/aprilproject/f24_robotics/webots_apriltags/src/webots_apriltags/install/webots_apriltags' for CMake module files
[1.137s] Level 1:colcon.colcon_core.environment:checking '/home/thor10001/aprilproject/f24_robotics/webots_apriltags/src/webots_apriltags/install/webots_apriltags' for CMake config files
[1.138s] Level 1:colcon.colcon_core.environment:checking '/home/thor10001/aprilproject/f24_robotics/webots_apriltags/src/webots_apriltags/install/webots_apriltags/lib'
[1.138s] Level 1:colcon.colcon_core.environment:checking '/home/thor10001/aprilproject/f24_robotics/webots_apriltags/src/webots_apriltags/install/webots_apriltags/bin'
[1.138s] Level 1:colcon.colcon_core.environment:checking '/home/thor10001/aprilproject/f24_robotics/webots_apriltags/src/webots_apriltags/install/webots_apriltags/lib/pkgconfig/webots_apriltags.pc'
[1.139s] Level 1:colcon.colcon_core.environment:checking '/home/thor10001/aprilproject/f24_robotics/webots_apriltags/src/webots_apriltags/install/webots_apriltags/lib/python3.10/site-packages'
[1.139s] Level 1:colcon.colcon_core.shell:create_environment_hook('webots_apriltags', 'pythonpath')
[1.139s] INFO:colcon.colcon_core.shell:Creating environment hook '/home/thor10001/aprilproject/f24_robotics/webots_apriltags/src/webots_apriltags/install/webots_apriltags/share/webots_apriltags/hook/pythonpath.ps1'
[1.140s] INFO:colcon.colcon_core.shell:Creating environment descriptor '/home/thor10001/aprilproject/f24_robotics/webots_apriltags/src/webots_apriltags/install/webots_apriltags/share/webots_apriltags/hook/pythonpath.dsv'
[1.140s] INFO:colcon.colcon_core.shell:Creating environment hook '/home/thor10001/aprilproject/f24_robotics/webots_apriltags/src/webots_apriltags/install/webots_apriltags/share/webots_apriltags/hook/pythonpath.sh'
[1.140s] Level 1:colcon.colcon_core.environment:checking '/home/thor10001/aprilproject/f24_robotics/webots_apriltags/src/webots_apriltags/install/webots_apriltags/bin'
[1.140s] Level 1:colcon.colcon_core.environment:create_environment_scripts_only(webots_apriltags)
[1.140s] INFO:colcon.colcon_core.shell:Creating package script '/home/thor10001/aprilproject/f24_robotics/webots_apriltags/src/webots_apriltags/install/webots_apriltags/share/webots_apriltags/package.ps1'
[1.141s] INFO:colcon.colcon_core.shell:Creating package descriptor '/home/thor10001/aprilproject/f24_robotics/webots_apriltags/src/webots_apriltags/install/webots_apriltags/share/webots_apriltags/package.dsv'
[1.142s] INFO:colcon.colcon_core.shell:Creating package script '/home/thor10001/aprilproject/f24_robotics/webots_apriltags/src/webots_apriltags/install/webots_apriltags/share/webots_apriltags/package.sh'
[1.142s] INFO:colcon.colcon_core.shell:Creating package script '/home/thor10001/aprilproject/f24_robotics/webots_apriltags/src/webots_apriltags/install/webots_apriltags/share/webots_apriltags/package.bash'
[1.142s] INFO:colcon.colcon_core.shell:Creating package script '/home/thor10001/aprilproject/f24_robotics/webots_apriltags/src/webots_apriltags/install/webots_apriltags/share/webots_apriltags/package.zsh'
[1.143s] Level 1:colcon.colcon_core.environment:create_file_with_runtime_dependencies(/home/thor10001/aprilproject/f24_robotics/webots_apriltags/src/webots_apriltags/install/webots_apriltags/share/colcon-core/packages/webots_apriltags)
[1.144s] DEBUG:colcon.colcon_parallel_executor.executor.parallel:closing loop
[1.145s] DEBUG:colcon.colcon_parallel_executor.executor.parallel:loop closed
[1.145s] DEBUG:colcon.colcon_parallel_executor.executor.parallel:run_until_complete finished with '0'
[1.145s] DEBUG:colcon.colcon_core.event_reactor:joining thread
[1.203s] INFO:colcon.colcon_core.plugin_system:Skipping extension 'colcon_notification.desktop_notification.notify_send': Could not find 'notify-send'
[1.203s] INFO:colcon.colcon_core.plugin_system:Skipping extension 'colcon_notification.desktop_notification.terminal_notifier': Not used on non-Darwin systems
[1.203s] INFO:colcon.colcon_core.plugin_system:Skipping extension 'colcon_notification.desktop_notification.win32': Not used on non-Windows systems
[1.203s] INFO:colcon.colcon_notification.desktop_notification:Sending desktop notification using 'notify2'
[1.203s] DEBUG:colcon.colcon_notification.desktop_notification.notify2:Failed to initialize notify2: org.freedesktop.DBus.Error.FileNotFound: Failed to connect to socket /run/user/1000/bus: No such file or directory
[1.204s] DEBUG:colcon.colcon_core.event_reactor:joined thread
[1.204s] INFO:colcon.colcon_core.shell:Creating prefix script '/home/thor10001/aprilproject/f24_robotics/webots_apriltags/src/webots_apriltags/install/local_setup.ps1'
[1.205s] INFO:colcon.colcon_core.shell:Creating prefix util module '/home/thor10001/aprilproject/f24_robotics/webots_apriltags/src/webots_apriltags/install/_local_setup_util_ps1.py'
[1.206s] INFO:colcon.colcon_core.shell:Creating prefix chain script '/home/thor10001/aprilproject/f24_robotics/webots_apriltags/src/webots_apriltags/install/setup.ps1'
[1.207s] INFO:colcon.colcon_core.shell:Creating prefix script '/home/thor10001/aprilproject/f24_robotics/webots_apriltags/src/webots_apriltags/install/local_setup.sh'
[1.208s] INFO:colcon.colcon_core.shell:Creating prefix util module '/home/thor10001/aprilproject/f24_robotics/webots_apriltags/src/webots_apriltags/install/_local_setup_util_sh.py'
[1.208s] INFO:colcon.colcon_core.shell:Creating prefix chain script '/home/thor10001/aprilproject/f24_robotics/webots_apriltags/src/webots_apriltags/install/setup.sh'
[1.209s] INFO:colcon.colcon_core.shell:Creating prefix script '/home/thor10001/aprilproject/f24_robotics/webots_apriltags/src/webots_apriltags/install/local_setup.bash'
[1.209s] INFO:colcon.colcon_core.shell:Creating prefix chain script '/home/thor10001/aprilproject/f24_robotics/webots_apriltags/src/webots_apriltags/install/setup.bash'
[1.210s] INFO:colcon.colcon_core.shell:Creating prefix script '/home/thor10001/aprilproject/f24_robotics/webots_apriltags/src/webots_apriltags/install/local_setup.zsh'
[1.210s] INFO:colcon.colcon_core.shell:Creating prefix chain script '/home/thor10001/aprilproject/f24_robotics/webots_apriltags/src/webots_apriltags/install/setup.zsh'
