[0.748s] Invoking command in '/home/thor10001/aprilproject/f24_robotics/webots_apriltags/src/webots_apriltags': PYTHONPATH=/home/thor10001/aprilproject/f24_robotics/webots_apriltags/src/webots_apriltags/build/webots_apriltags/prefix_override:/usr/lib/python3/dist-packages/colcon_core/task/python/colcon_distutils_commands:/home/thor10001/aprilproject/f24_robotics/webots_apriltags/src/webots_apriltags/install/webots_apriltags/lib/python3.10/site-packages:${PYTHONPATH} /usr/bin/python3 -W ignore:setup.py install is deprecated setup.py egg_info --egg-base build/webots_apriltags build --build-base /home/thor10001/aprilproject/f24_robotics/webots_apriltags/src/webots_apriltags/build/webots_apriltags/build install --record /home/thor10001/aprilproject/f24_robotics/webots_apriltags/src/webots_apriltags/build/webots_apriltags/install.log --single-version-externally-managed install_data
[0.847s] running egg_info
[0.848s] writing build/webots_apriltags/webots_apriltags.egg-info/PKG-INFO
[0.848s] writing dependency_links to build/webots_apriltags/webots_apriltags.egg-info/dependency_links.txt
[0.848s] writing entry points to build/webots_apriltags/webots_apriltags.egg-info/entry_points.txt
[0.848s] writing requirements to build/webots_apriltags/webots_apriltags.egg-info/requires.txt
[0.848s] writing top-level names to build/webots_apriltags/webots_apriltags.egg-info/top_level.txt
[0.849s] reading manifest file 'build/webots_apriltags/webots_apriltags.egg-info/SOURCES.txt'
[0.850s] writing manifest file 'build/webots_apriltags/webots_apriltags.egg-info/SOURCES.txt'
[0.851s] running build
[0.851s] running build_py
[0.851s] copying webots_apriltags/__init__.py -> /home/thor10001/aprilproject/f24_robotics/webots_apriltags/src/webots_apriltags/build/webots_apriltags/build/lib/webots_apriltags
[0.851s] copying webots_apriltags/webots_apriltags.py -> /home/thor10001/aprilproject/f24_robotics/webots_apriltags/src/webots_apriltags/build/webots_apriltags/build/lib/webots_apriltags
[0.851s] copying webots_apriltags/webots_ros2_homework1_python.py -> /home/thor10001/aprilproject/f24_robotics/webots_apriltags/src/webots_apriltags/build/webots_apriltags/build/lib/webots_apriltags
[0.851s] running install
[0.852s] running install_lib
[0.852s] copying /home/thor10001/aprilproject/f24_robotics/webots_apriltags/src/webots_apriltags/build/webots_apriltags/build/lib/webots_apriltags/__init__.py -> /home/thor10001/aprilproject/f24_robotics/webots_apriltags/src/webots_apriltags/install/webots_apriltags/lib/python3.10/site-packages/webots_apriltags
[0.852s] copying /home/thor10001/aprilproject/f24_robotics/webots_apriltags/src/webots_apriltags/build/webots_apriltags/build/lib/webots_apriltags/webots_apriltags.py -> /home/thor10001/aprilproject/f24_robotics/webots_apriltags/src/webots_apriltags/install/webots_apriltags/lib/python3.10/site-packages/webots_apriltags
[0.852s] copying /home/thor10001/aprilproject/f24_robotics/webots_apriltags/src/webots_apriltags/build/webots_apriltags/build/lib/webots_apriltags/webots_ros2_homework1_python.py -> /home/thor10001/aprilproject/f24_robotics/webots_apriltags/src/webots_apriltags/install/webots_apriltags/lib/python3.10/site-packages/webots_apriltags
[0.853s] byte-compiling /home/thor10001/aprilproject/f24_robotics/webots_apriltags/src/webots_apriltags/install/webots_apriltags/lib/python3.10/site-packages/webots_apriltags/__init__.py to __init__.cpython-310.pyc
[0.853s] byte-compiling /home/thor10001/aprilproject/f24_robotics/webots_apriltags/src/webots_apriltags/install/webots_apriltags/lib/python3.10/site-packages/webots_apriltags/webots_apriltags.py to webots_apriltags.cpython-310.pyc
[0.853s] byte-compiling /home/thor10001/aprilproject/f24_robotics/webots_apriltags/src/webots_apriltags/install/webots_apriltags/lib/python3.10/site-packages/webots_apriltags/webots_ros2_homework1_python.py to webots_ros2_homework1_python.cpython-310.pyc
[0.854s] running install_data
[0.854s] copying worlds/turtlebot3_apriltags.wbt -> /home/thor10001/aprilproject/f24_robotics/webots_apriltags/src/webots_apriltags/install/webots_apriltags/share/webots_apriltags/worlds
[0.854s] running install_egg_info
[0.855s] removing '/home/thor10001/aprilproject/f24_robotics/webots_apriltags/src/webots_apriltags/install/webots_apriltags/lib/python3.10/site-packages/webots_apriltags-0.0.0-py3.10.egg-info' (and everything under it)
[0.855s] Copying build/webots_apriltags/webots_apriltags.egg-info to /home/thor10001/aprilproject/f24_robotics/webots_apriltags/src/webots_apriltags/install/webots_apriltags/lib/python3.10/site-packages/webots_apriltags-0.0.0-py3.10.egg-info
[0.856s] running install_scripts
[0.867s] Installing webots_apriltags script to /home/thor10001/aprilproject/f24_robotics/webots_apriltags/src/webots_apriltags/install/webots_apriltags/lib/webots_apriltags
[0.867s] writing list of installed files to '/home/thor10001/aprilproject/f24_robotics/webots_apriltags/src/webots_apriltags/build/webots_apriltags/install.log'
[0.883s] Invoked command in '/home/thor10001/aprilproject/f24_robotics/webots_apriltags/src/webots_apriltags' returned '0': PYTHONPATH=/home/thor10001/aprilproject/f24_robotics/webots_apriltags/src/webots_apriltags/build/webots_apriltags/prefix_override:/usr/lib/python3/dist-packages/colcon_core/task/python/colcon_distutils_commands:/home/thor10001/aprilproject/f24_robotics/webots_apriltags/src/webots_apriltags/install/webots_apriltags/lib/python3.10/site-packages:${PYTHONPATH} /usr/bin/python3 -W ignore:setup.py install is deprecated setup.py egg_info --egg-base build/webots_apriltags build --build-base /home/thor10001/aprilproject/f24_robotics/webots_apriltags/src/webots_apriltags/build/webots_apriltags/build install --record /home/thor10001/aprilproject/f24_robotics/webots_apriltags/src/webots_apriltags/build/webots_apriltags/install.log --single-version-externally-managed install_data
